This is XeTeX, Version 3.14159265-2.6-0.999991 (TeX Live 2019) (preloaded format=xelatex 2020.4.1)  3 APR 2020 09:01
entering extended mode
 restricted \write18 enabled.
 file:line:error style messages enabled.
 %&-line parsing enabled.
**/mnt/c/Users/songy/Desktop/tample/HBUThesis/MasterTemplate
(/mnt/c/Users/songy/Desktop/tample/HBUThesis/MasterTemplate.tex
LaTeX2e <2020-02-02> patch level 5
L3 programming layer <2020-02-25> (./HBUThesis.cls
Document Class: HBUThesis 2020/03/19 0.1 HeBei University Thesis Template for Master Candidate
(/usr/local/texlive/2019/texmf-dist/tex/latex/ctex/ctexbook.cls (/usr/local/texlive/2019/texmf-dist/tex/latex/l3kernel/expl3.sty
Package: expl3 2020-02-25 L3 programming layer (loader) 
 (/usr/local/texlive/2019/texmf-dist/tex/latex/l3backend/l3backend-xdvipdfmx.def
File: l3backend-xdvipdfmx.def 2020-02-23 L3 backend support: xdvipdfmx
\g__graphics_track_int=\count163
\l__pdf_internal_box=\box45
\g__pdf_backend_object_int=\count164
\g__pdf_backend_annotation_int=\count165
))
Document Class: ctexbook 2019/05/29 v2.4.16 Chinese adapter for class book (CTEX)
(/usr/local/texlive/2019/texmf-dist/tex/latex/l3packages/xparse/xparse.sty
Package: xparse 2020-02-25 L3 Experimental document command parser
\l__xparse_current_arg_int=\count166
\g__xparse_grabber_int=\count167
\l__xparse_m_args_int=\count168
\l__xparse_v_nesting_int=\count169
) (/usr/local/texlive/2019/texmf-dist/tex/latex/l3packages/l3keys2e/l3keys2e.sty
Package: l3keys2e 2020-02-25 LaTeX2e option processing using LaTeX3 keys
) (/usr/local/texlive/2019/texmf-dist/tex/latex/ctex/ctexhook.sty
Package: ctexhook 2019/05/29 v2.4.16 Document and package hooks (CTEX)
) (/usr/local/texlive/2019/texmf-dist/tex/latex/ctex/ctexpatch.sty
Package: ctexpatch 2019/05/29 v2.4.16 Patching commands (CTEX)
) (/usr/local/texlive/2019/texmf-dist/tex/latex/base/fix-cm.sty
Package: fix-cm 2015/01/14 v1.1t fixes to LaTeX
 (/usr/local/texlive/2019/texmf-dist/tex/latex/base/ts1enc.def
File: ts1enc.def 2001/06/05 v3.0e (jk/car/fm) Standard LaTeX file
LaTeX Font Info:    Redeclaring font encoding TS1 on input line 47.
)) (/usr/local/texlive/2019/texmf-dist/tex/latex/ms/everysel.sty
Package: everysel 2011/10/28 v1.2 EverySelectfont Package (MS)
)
\l__ctex_tmp_int=\count170
\l__ctex_tmp_box=\box46
\l__ctex_tmp_dim=\dimen134
\g__ctex_section_depth_int=\count171
\g__ctex_font_size_int=\count172
 (/usr/local/texlive/2019/texmf-dist/tex/latex/ctex/config/ctexopts.cfg
File: ctexopts.cfg 2019/05/29 v2.4.16 Option configuration file (CTEX)
) (/usr/local/texlive/2019/texmf-dist/tex/latex/base/book.cls
Document Class: book 2019/12/20 v1.4l Standard LaTeX document class
(/usr/local/texlive/2019/texmf-dist/tex/latex/base/bk10.clo
File: bk10.clo 2019/12/20 v1.4l Standard LaTeX file (size option)
)
\c@part=\count173
\c@chapter=\count174
\c@section=\count175
\c@subsection=\count176
\c@subsubsection=\count177
\c@paragraph=\count178
\c@subparagraph=\count179
\c@figure=\count180
\c@table=\count181
\abovecaptionskip=\skip47
\belowcaptionskip=\skip48
\bibindent=\dimen135
) (/usr/local/texlive/2019/texmf-dist/tex/latex/ctex/engine/ctex-engine-xetex.def
File: ctex-engine-xetex.def 2019/05/29 v2.4.16 XeLaTeX adapter (CTEX)
 (/usr/local/texlive/2019/texmf-dist/tex/xelatex/xecjk/xeCJK.sty
Package: xeCJK 2020/02/18 v3.8.2 Typesetting CJK scripts with XeLaTeX
 (/usr/local/texlive/2019/texmf-dist/tex/latex/l3packages/xtemplate/xtemplate.sty
Package: xtemplate 2020-02-25 L3 Experimental prototype document functions
\l__xtemplate_tmp_dim=\dimen136
\l__xtemplate_tmp_int=\count182
\l__xtemplate_tmp_muskip=\muskip16
\l__xtemplate_tmp_skip=\skip49
)
\l__xeCJK_tmp_int=\count183
\l__xeCJK_tmp_box=\box47
\l__xeCJK_tmp_dim=\dimen137
\l__xeCJK_tmp_skip=\skip50
\g__xeCJK_space_factor_int=\count184
\l__xeCJK_begin_int=\count185
\l__xeCJK_end_int=\count186
\c__xeCJK_CJK_class_int=\XeTeXcharclass1
\c__xeCJK_FullLeft_class_int=\XeTeXcharclass2
\c__xeCJK_FullRight_class_int=\XeTeXcharclass3
\c__xeCJK_HalfLeft_class_int=\XeTeXcharclass4
\c__xeCJK_HalfRight_class_int=\XeTeXcharclass5
\c__xeCJK_NormalSpace_class_int=\XeTeXcharclass6
\c__xeCJK_CM_class_int=\XeTeXcharclass7
\c__xeCJK_HangulJamo_class_int=\XeTeXcharclass8
\l__xeCJK_last_skip=\skip51
\g__xeCJK_node_int=\count187
\c__xeCJK_CJK_node_dim=\dimen138
\c__xeCJK_CJK-space_node_dim=\dimen139
\c__xeCJK_default_node_dim=\dimen140
\c__xeCJK_default-space_node_dim=\dimen141
\c__xeCJK_CJK-widow_node_dim=\dimen142
\c__xeCJK_normalspace_node_dim=\dimen143
\l__xeCJK_ccglue_skip=\skip52
\l__xeCJK_ecglue_skip=\skip53
\l__xeCJK_punct_kern_skip=\skip54
\l__xeCJK_last_penalty_int=\count188
\l__xeCJK_last_bound_dim=\dimen144
\l__xeCJK_last_kern_dim=\dimen145
\l__xeCJK_widow_penalty_int=\count189

Package xtemplate Info: Declaring object type 'xeCJK/punctuation' taking 0
(xtemplate)             argument(s) on line 2302.

\l__xeCJK_fixed_punct_width_dim=\dimen146
\l__xeCJK_mixed_punct_width_dim=\dimen147
\l__xeCJK_middle_punct_width_dim=\dimen148
\l__xeCJK_fixed_margin_width_dim=\dimen149
\l__xeCJK_mixed_margin_width_dim=\dimen150
\l__xeCJK_middle_margin_width_dim=\dimen151
\l__xeCJK_bound_punct_width_dim=\dimen152
\l__xeCJK_bound_margin_width_dim=\dimen153
\l__xeCJK_margin_minimum_dim=\dimen154
\l__xeCJK_kerning_total_width_dim=\dimen155
\l__xeCJK_same_align_margin_dim=\dimen156
\l__xeCJK_different_align_margin_dim=\dimen157
\l__xeCJK_kerning_margin_width_dim=\dimen158
\l__xeCJK_kerning_margin_minimum_dim=\dimen159
\l__xeCJK_bound_dim=\dimen160
\l__xeCJK_reverse_bound_dim=\dimen161
\l__xeCJK_margin_dim=\dimen162
\l__xeCJK_minimum_bound_dim=\dimen163
\l__xeCJK_kerning_margin_dim=\dimen164
\g__xeCJK_family_int=\count190
\l__xeCJK_fam_int=\count191
\g__xeCJK_fam_allocation_int=\count192
\l__xeCJK_verb_case_int=\count193
\l__xeCJK_verb_exspace_skip=\skip55
 (/usr/local/texlive/2019/texmf-dist/tex/latex/fontspec/fontspec.sty
Package: fontspec 2020/02/21 v2.7i Font selection for XeLaTeX and LuaLaTeX
 (/usr/local/texlive/2019/texmf-dist/tex/latex/fontspec/fontspec-xetex.sty
Package: fontspec-xetex 2020/02/21 v2.7i Font selection for XeLaTeX and LuaLaTeX
\l__fontspec_script_int=\count194
\l__fontspec_language_int=\count195
\l__fontspec_strnum_int=\count196
\l__fontspec_tmp_int=\count197
\l__fontspec_tmpa_int=\count198
\l__fontspec_tmpb_int=\count199
\l__fontspec_tmpc_int=\count266
\l__fontspec_em_int=\count267
\l__fontspec_emdef_int=\count268
\l__fontspec_strong_int=\count269
\l__fontspec_strongdef_int=\count270
\l__fontspec_tmpa_dim=\dimen165
\l__fontspec_tmpb_dim=\dimen166
\l__fontspec_tmpc_dim=\dimen167
 (/usr/local/texlive/2019/texmf-dist/tex/latex/base/fontenc.sty
Package: fontenc 2020/02/11 v2.0o Standard LaTeX package
) (/usr/local/texlive/2019/texmf-dist/tex/latex/fontspec/fontspec.cfg))) (/usr/local/texlive/2019/texmf-dist/tex/xelatex/xecjk/xeCJK.cfg
File: xeCJK.cfg 2020/02/18 v3.8.2 Configuration file for xeCJK package
)) (/usr/local/texlive/2019/texmf-dist/tex/xelatex/xecjk/xeCJKfntef.sty
Package: xeCJKfntef 2020/02/18 v3.8.2 xeCJK font effect
 (/usr/local/texlive/2019/texmf-dist/tex/generic/ulem/ulem.sty
\UL@box=\box48
\UL@hyphenbox=\box49
\UL@skip=\skip56
\UL@hook=\toks15
\UL@height=\dimen168
\UL@pe=\count271
\UL@pixel=\dimen169
\ULC@box=\box50
Package: ulem 2019/11/18
\ULdepth=\dimen170
)
\l__xeCJK_space_skip=\skip57
\c__xeCJK_ulem-begin_node_dim=\dimen171
\c__xeCJK_null_box=\box51
\l__xeCJK_fntef_box=\box52
\l__xeCJK_under_symbol_box=\box53
\c__xeCJK_filll_skip=\skip58
)
\ccwd=\dimen172
\l__ctex_ccglue_skip=\skip59
)
\l__ctex_ziju_dim=\dimen173
 (/usr/local/texlive/2019/texmf-dist/tex/latex/zhnumber/zhnumber.sty
Package: zhnumber 2019/04/07 v2.7 Typesetting numbers with Chinese glyphs
\l__zhnum_scale_int=\count272
 (/usr/local/texlive/2019/texmf-dist/tex/latex/zhnumber/zhnumber-utf8.cfg
File: zhnumber-utf8.cfg 2019/04/07 v2.7 Chinese numerals with UTF8 encoding
))
\l__ctex_heading_skip=\skip60
 (/usr/local/texlive/2019/texmf-dist/tex/latex/ctex/scheme/ctex-scheme-chinese-book.def
File: ctex-scheme-chinese-book.def 2019/05/29 v2.4.16 Chinese scheme for book (CTEX)
 (/usr/local/texlive/2019/texmf-dist/tex/latex/ctex/config/ctex-name-utf8.cfg
File: ctex-name-utf8.cfg 2019/05/29 v2.4.16 Caption with encoding UTF8 (CTEX)
)) (/usr/local/texlive/2019/texmf-dist/tex/latex/ctex/ctex-c5size.clo
File: ctex-c5size.clo 2019/05/29 v2.4.16 c5size option (CTEX)
) (/usr/local/texlive/2019/texmf-dist/tex/latex/ctex/fontset/ctex-fontset-fandol.def
File: ctex-fontset-fandol.def 2019/05/29 v2.4.16 Fandol fonts definition (CTEX)


Package fontspec Warning: Font "FandolSong-Regular" does not contain requested
(fontspec)                Script "CJK".


Package fontspec Info: Font family 'FandolSong-Regular(0)' created for font
(fontspec)             'FandolSong-Regular' with options
(fontspec)             [Script={CJK},Extension={.otf},BoldFont={FandolSong-Bold},ItalicFont={FandolKai-Regular}].
(fontspec)              
(fontspec)              This font family consists of the following NFSS
(fontspec)             series/shapes:
(fontspec)              
(fontspec)             - 'normal' (m/n) with NFSS spec.:
(fontspec)             <->"[FandolSong-Regular.otf]/OT:language=dflt;"
(fontspec)             - 'small caps'  (m/sc) with NFSS spec.: 
(fontspec)             - 'bold' (b/n) with NFSS spec.:
(fontspec)             <->"[FandolSong-Bold.otf]/OT:language=dflt;"
(fontspec)             - 'bold small caps'  (b/sc) with NFSS spec.: 
(fontspec)             - 'italic' (m/it) with NFSS spec.:
(fontspec)             <->"[FandolKai-Regular.otf]/OT:language=dflt;"
(fontspec)             - 'italic small caps'  (m/scit) with NFSS spec.: 

)) (/usr/local/texlive/2019/texmf-dist/tex/latex/ctex/config/ctex.cfg
File: ctex.cfg 2019/05/29 v2.4.16 Configuration file (CTEX)
) (/usr/local/texlive/2019/texmf-dist/tex/latex/geometry/geometry.sty
Package: geometry 2020/01/02 v5.9 Page Geometry
 (/usr/local/texlive/2019/texmf-dist/tex/latex/graphics/keyval.sty
Package: keyval 2014/10/28 v1.15 key=value parser (DPC)
\KV@toks@=\toks16
) (/usr/local/texlive/2019/texmf-dist/tex/generic/iftex/ifvtex.sty
Package: ifvtex 2019/10/25 v1.7 ifvtex legacy package. Use iftex instead.
 (/usr/local/texlive/2019/texmf-dist/tex/generic/iftex/iftex.sty
Package: iftex 2019/11/07 v1.0c TeX engine tests
))
\Gm@cnth=\count273
\Gm@cntv=\count274
\c@Gm@tempcnt=\count275
\Gm@bindingoffset=\dimen174
\Gm@wd@mp=\dimen175
\Gm@odd@mp=\dimen176
\Gm@even@mp=\dimen177
\Gm@layoutwidth=\dimen178
\Gm@layoutheight=\dimen179
\Gm@layouthoffset=\dimen180
\Gm@layoutvoffset=\dimen181
\Gm@dimlist=\toks17
) (/usr/local/texlive/2019/texmf-dist/tex/latex/titlesec/titlesec.sty
Package: titlesec 2019/10/16 v2.13 Sectioning titles
\ttl@box=\box54
\beforetitleunit=\skip61
\aftertitleunit=\skip62
\ttl@plus=\dimen182
\ttl@minus=\dimen183
\ttl@toksa=\toks18
\titlewidth=\dimen184
\titlewidthlast=\dimen185
\titlewidthfirst=\dimen186
) (/usr/local/texlive/2019/texmf-dist/tex/latex/hyperref/hyperref.sty
Package: hyperref 2020/01/14 v7.00d Hypertext links for LaTeX
 (/usr/local/texlive/2019/texmf-dist/tex/generic/ltxcmds/ltxcmds.sty
Package: ltxcmds 2019/12/15 v1.24 LaTeX kernel commands for general use (HO)
) (/usr/local/texlive/2019/texmf-dist/tex/latex/pdftexcmds/pdftexcmds.sty
Package: pdftexcmds 2019/11/24 v0.31 Utility functions of pdfTeX for LuaTeX (HO)
 (/usr/local/texlive/2019/texmf-dist/tex/generic/infwarerr/infwarerr.sty
Package: infwarerr 2019/12/03 v1.5 Providing info/warning/error messages (HO)
)
Package pdftexcmds Info: \pdf@primitive is available.
Package pdftexcmds Info: \pdf@ifprimitive is available.
Package pdftexcmds Info: \pdfdraftmode not found.
) (/usr/local/texlive/2019/texmf-dist/tex/generic/kvsetkeys/kvsetkeys.sty
Package: kvsetkeys 2019/12/15 v1.18 Key value parser (HO)
) (/usr/local/texlive/2019/texmf-dist/tex/generic/kvdefinekeys/kvdefinekeys.sty
Package: kvdefinekeys 2019-12-19 v1.6 Define keys (HO)
) (/usr/local/texlive/2019/texmf-dist/tex/generic/pdfescape/pdfescape.sty
Package: pdfescape 2019/12/09 v1.15 Implements pdfTeX's escape features (HO)
) (/usr/local/texlive/2019/texmf-dist/tex/latex/hycolor/hycolor.sty
Package: hycolor 2020-01-27 v1.10 Color options for hyperref/bookmark (HO)
) (/usr/local/texlive/2019/texmf-dist/tex/latex/letltxmacro/letltxmacro.sty
Package: letltxmacro 2019/12/03 v1.6 Let assignment for LaTeX macros (HO)
) (/usr/local/texlive/2019/texmf-dist/tex/latex/auxhook/auxhook.sty
Package: auxhook 2019-12-17 v1.6 Hooks for auxiliary files (HO)
) (/usr/local/texlive/2019/texmf-dist/tex/latex/kvoptions/kvoptions.sty
Package: kvoptions 2019/11/29 v3.13 Key value format for package options (HO)
)
\@linkdim=\dimen187
\Hy@linkcounter=\count276
\Hy@pagecounter=\count277
 (/usr/local/texlive/2019/texmf-dist/tex/latex/hyperref/pd1enc.def
File: pd1enc.def 2020/01/14 v7.00d Hyperref: PDFDocEncoding definition (HO)
) (/usr/local/texlive/2019/texmf-dist/tex/generic/intcalc/intcalc.sty
Package: intcalc 2019/12/15 v1.3 Expandable calculations with integers (HO)
) (/usr/local/texlive/2019/texmf-dist/tex/generic/etexcmds/etexcmds.sty
Package: etexcmds 2019/12/15 v1.7 Avoid name clashes with e-TeX commands (HO)
)
\Hy@SavedSpaceFactor=\count278
Package hyperref Info: Option `unicode' set `true' on input line 4421.
 (/usr/local/texlive/2019/texmf-dist/tex/latex/hyperref/puenc.def
File: puenc.def 2020/01/14 v7.00d Hyperref: PDF Unicode definition (HO)
)
Package hyperref Info: Hyper figures OFF on input line 4547.
Package hyperref Info: Link nesting OFF on input line 4552.
Package hyperref Info: Hyper index ON on input line 4555.
Package hyperref Info: Plain pages OFF on input line 4562.
Package hyperref Info: Backreferencing OFF on input line 4567.
Package hyperref Info: Implicit mode ON; LaTeX internals redefined.
Package hyperref Info: Bookmarks ON on input line 4800.
\c@Hy@tempcnt=\count279
 (/usr/local/texlive/2019/texmf-dist/tex/latex/url/url.sty
\Urlmuskip=\muskip17
Package: url 2013/09/16  ver 3.4  Verb mode for urls, etc.
)
LaTeX Info: Redefining \url on input line 5159.
\XeTeXLinkMargin=\dimen188
 (/usr/local/texlive/2019/texmf-dist/tex/generic/bitset/bitset.sty
Package: bitset 2019/12/09 v1.3 Handle bit-vector datatype (HO)
 (/usr/local/texlive/2019/texmf-dist/tex/generic/bigintcalc/bigintcalc.sty
Package: bigintcalc 2019/12/15 v1.5 Expandable calculations on big integers (HO)
))
\Fld@menulength=\count280
\Field@Width=\dimen189
\Fld@charsize=\dimen190
Package hyperref Info: Hyper figures OFF on input line 6430.
Package hyperref Info: Link nesting OFF on input line 6435.
Package hyperref Info: Hyper index ON on input line 6438.
Package hyperref Info: backreferencing OFF on input line 6445.
Package hyperref Info: Link coloring OFF on input line 6450.
Package hyperref Info: Link coloring with OCG OFF on input line 6455.
Package hyperref Info: PDF/A mode OFF on input line 6460.
LaTeX Info: Redefining \ref on input line 6500.
LaTeX Info: Redefining \pageref on input line 6504.
 (/usr/local/texlive/2019/texmf-dist/tex/generic/atbegshi/atbegshi.sty
Package: atbegshi 2019/12/05 v1.19 At begin shipout hook (HO)
)
\Hy@abspage=\count281
\c@Item=\count282
\c@Hfootnote=\count283
)
Package hyperref Info: Driver (autodetected): hxetex.
 (/usr/local/texlive/2019/texmf-dist/tex/latex/hyperref/hxetex.def
File: hxetex.def 2020/01/14 v7.00d Hyperref driver for XeTeX
 (/usr/local/texlive/2019/texmf-dist/tex/generic/stringenc/stringenc.sty
Package: stringenc 2019/11/29 v1.12 Convert strings between diff. encodings (HO)
)
\pdfm@box=\box55
\c@Hy@AnnotLevel=\count284
\HyField@AnnotCount=\count285
\Fld@listcount=\count286
\c@bookmark@seq@number=\count287
 (/usr/local/texlive/2019/texmf-dist/tex/latex/rerunfilecheck/rerunfilecheck.sty
Package: rerunfilecheck 2019/12/05 v1.9 Rerun checks for auxiliary files (HO)
 (/usr/local/texlive/2019/texmf-dist/tex/latex/atveryend/atveryend.sty
Package: atveryend 2019-12-11 v1.11 Hooks at the very end of document (HO)
Package atveryend Info: \enddocument detected (standard20110627).
) (/usr/local/texlive/2019/texmf-dist/tex/generic/uniquecounter/uniquecounter.sty
Package: uniquecounter 2019/12/15 v1.4 Provide unlimited unique counter (HO)
)
Package uniquecounter Info: New unique counter `rerunfilecheck' on input line 286.
)
\Hy@SectionHShift=\skip63
) (/usr/local/texlive/2019/texmf-dist/tex/latex/amsmath/amsmath.sty
Package: amsmath 2020/01/20 v2.17e AMS math features
\@mathmargin=\skip64

For additional information on amsmath, use the `?' option.
(/usr/local/texlive/2019/texmf-dist/tex/latex/amsmath/amstext.sty
Package: amstext 2000/06/29 v2.01 AMS text
 (/usr/local/texlive/2019/texmf-dist/tex/latex/amsmath/amsgen.sty
File: amsgen.sty 1999/11/30 v2.0 generic functions
\@emptytoks=\toks19
\ex@=\dimen191
)) (/usr/local/texlive/2019/texmf-dist/tex/latex/amsmath/amsbsy.sty
Package: amsbsy 1999/11/29 v1.2d Bold Symbols
\pmbraise@=\dimen192
) (/usr/local/texlive/2019/texmf-dist/tex/latex/amsmath/amsopn.sty
Package: amsopn 2016/03/08 v2.02 operator names
)
\inf@bad=\count288
LaTeX Info: Redefining \frac on input line 227.
\uproot@=\count289
\leftroot@=\count290
LaTeX Info: Redefining \overline on input line 389.
\classnum@=\count291
\DOTSCASE@=\count292
LaTeX Info: Redefining \ldots on input line 486.
LaTeX Info: Redefining \dots on input line 489.
LaTeX Info: Redefining \cdots on input line 610.
\Mathstrutbox@=\box56
\strutbox@=\box57
\big@size=\dimen193
LaTeX Font Info:    Redeclaring font encoding OML on input line 733.
LaTeX Font Info:    Redeclaring font encoding OMS on input line 734.
\macc@depth=\count293
\c@MaxMatrixCols=\count294
\dotsspace@=\muskip18
\c@parentequation=\count295
\dspbrk@lvl=\count296
\tag@help=\toks20
\row@=\count297
\column@=\count298
\maxfields@=\count299
\andhelp@=\toks21
\eqnshift@=\dimen194
\alignsep@=\dimen195
\tagshift@=\dimen196
\tagwidth@=\dimen197
\totwidth@=\dimen198
\lineht@=\dimen199
\@envbody=\toks22
\multlinegap=\skip65
\multlinetaggap=\skip66
\mathdisplay@stack=\toks23
LaTeX Info: Redefining \[ on input line 2859.
LaTeX Info: Redefining \] on input line 2860.
) (/usr/local/texlive/2019/texmf-dist/tex/latex/amsfonts/amssymb.sty
Package: amssymb 2013/01/14 v3.01 AMS font symbols
 (/usr/local/texlive/2019/texmf-dist/tex/latex/amsfonts/amsfonts.sty
Package: amsfonts 2013/01/14 v3.01 Basic AMSFonts support
\symAMSa=\mathgroup4
\symAMSb=\mathgroup5
LaTeX Font Info:    Redeclaring math symbol \hbar on input line 98.
LaTeX Font Info:    Overwriting math alphabet `\mathfrak' in version `bold'
(Font)                  U/euf/m/n --> U/euf/b/n on input line 106.
)) (/usr/local/texlive/2019/texmf-dist/tex/latex/ntheorem/ntheorem.sty
Style `ntheorem', Version 1.33 <2011/08/15>
Package: ntheorem 2011/08/15 1.33
(/usr/local/texlive/2019/texmf-dist/tex/latex/base/ifthen.sty
Package: ifthen 2014/09/29 v1.1c Standard LaTeX ifthen package (DPC)
)
\theorem@style=\toks24
\theorem@@style=\toks25
\theorembodyfont=\toks26
\theoremnumbering=\toks27
\theorempreskipamount=\skip67
\theorempostskipamount=\skip68
\theoremframepreskipamount=\skip69
\theoremframepostskipamount=\skip70
\theoreminframepreskipamount=\skip71
\theoreminframepostskipamount=\skip72
\theorem@preskip=\toks28
\theorem@postskip=\toks29
\theorem@framepreskip=\toks30
\theorem@framepostskip=\toks31
\theorem@inframepreskip=\toks32
\theorem@inframepostskip=\toks33
\theoremindent=\dimen256
\theorem@indent=\dimen257
\theoremrightindent=\dimen258
\theorem@rightindent=\dimen259
\theoremheaderfont=\toks34
\theoremseparator=\toks35
\theoremprework=\toks36
\theorempostwork=\toks37
\theoremsymbol=\toks38
\qedsymbol=\toks39
\theoremkeyword=\toks40
\qedsymbol=\toks41
\thm@topsep=\skip73
\thm@topsepadd=\skip74
Package ntheorem Info: Option `thmmarks' loaded on input line 1175.
\c@endNonectr=\count300
\c@currNonectr=\count301
\mysavskip=\skip75
Package ntheorem Info: option `amsmath' handling for `thmmarks' loaded on input line 1175.
\thm@amstmpdepth=\dimen260
\tagwidth=\dimen261
) (/usr/local/texlive/2019/texmf-dist/tex/latex/graphics/graphicx.sty
Package: graphicx 2019/11/30 v1.2a Enhanced LaTeX Graphics (DPC,SPQR)
 (/usr/local/texlive/2019/texmf-dist/tex/latex/graphics/graphics.sty
Package: graphics 2019/11/30 v1.4a Standard LaTeX Graphics (DPC,SPQR)
 (/usr/local/texlive/2019/texmf-dist/tex/latex/graphics/trig.sty
Package: trig 2016/01/03 v1.10 sin cos tan (DPC)
) (/usr/local/texlive/2019/texmf-dist/tex/latex/graphics-cfg/graphics.cfg
File: graphics.cfg 2016/06/04 v1.11 sample graphics configuration
)
Package graphics Info: Driver file: xetex.def on input line 105.
 (/usr/local/texlive/2019/texmf-dist/tex/latex/graphics-def/xetex.def
File: xetex.def 2017/06/24 v5.0h Graphics/color driver for xetex
))
\Gin@req@height=\dimen262
\Gin@req@width=\dimen263
) (/usr/local/texlive/2019/texmf-dist/tex/latex/graphics/color.sty
Package: color 2019/11/23 v1.2a Standard LaTeX Color (DPC)
 (/usr/local/texlive/2019/texmf-dist/tex/latex/graphics-cfg/color.cfg
File: color.cfg 2016/01/02 v1.6 sample color configuration
)
Package color Info: Driver file: xetex.def on input line 147.
) (/usr/local/texlive/2019/texmf-dist/tex/latex/xcolor/xcolor.sty
Package: xcolor 2016/05/11 v2.12 LaTeX color extensions (UK)
 (/usr/local/texlive/2019/texmf-dist/tex/latex/graphics-cfg/color.cfg
File: color.cfg 2016/01/02 v1.6 sample color configuration
)
Package xcolor Info: Driver file: xetex.def on input line 225.
LaTeX Info: Redefining \color on input line 709.
Package xcolor Info: Model `cmy' substituted by `cmy0' on input line 1348.
Package xcolor Info: Model `RGB' extended on input line 1364.
Package xcolor Info: Model `HTML' substituted by `rgb' on input line 1366.
Package xcolor Info: Model `Hsb' substituted by `hsb' on input line 1367.
Package xcolor Info: Model `tHsb' substituted by `hsb' on input line 1368.
Package xcolor Info: Model `HSB' substituted by `hsb' on input line 1369.
Package xcolor Info: Model `Gray' substituted by `gray' on input line 1370.
Package xcolor Info: Model `wave' substituted by `hsb' on input line 1371.
) (/usr/local/texlive/2019/texmf-dist/tex/latex/cite/cite.sty
LaTeX Info: Redefining \cite on input line 302.
LaTeX Info: Redefining \nocite on input line 332.
Package: cite 2015/02/27  v 5.5
) (/usr/local/texlive/2019/texmf-dist/tex/latex/tools/enumerate.sty
Package: enumerate 2015/07/23 v3.00 enumerate extensions (DPC)
\@enLab=\toks42
)
\fenleihao=\toks43
\bianhao=\toks44
\UDC=\toks45
\miji=\toks46
\Cmajor=\toks47
\Emajor=\toks48
\Cspeciality=\toks49
\Especiality=\toks50
\Edate=\toks51
\Etitle=\toks52
\Eauthor=\toks53
\Csupervisor=\toks54
\Esupervisor=\toks55
\Schoolname=\toks56
\StudentNumber=\toks57
)
Runaway definition?
->\thispagestyle {empty}\vspace *{5mm} \leavevmode {\fangsong \zihao \ETC.
/mnt/c/Users/songy/Desktop/tample/HBUThesis/MasterTemplate.tex:2: File ended while scanning definition of \makecover.
<inserted text> 
                }
l.2 \miji
         {保密}
I suspect you have forgotten a `}', causing me
to read past where you wanted me to stop.
I'll try to recover; but if the error is serious,
you'd better type `E' or `X' now and fix your file.

(/usr/local/texlive/2019/texmf-dist/tex/latex/tools/layout.sty
Package: layout 2014/10/28 v1.2c Show layout parameters
\oneinch=\count302
\cnt@paperwidth=\count303
\cnt@paperheight=\count304
\cnt@hoffset=\count305
\cnt@voffset=\count306
\cnt@textheight=\count307
\cnt@textwidth=\count308
\cnt@topmargin=\count309
\cnt@oddsidemargin=\count310
\cnt@evensidemargin=\count311
\cnt@headheight=\count312
\cnt@headsep=\count313
\cnt@marginparsep=\count314
\cnt@marginparwidth=\count315
\cnt@marginparpush=\count316
\cnt@footskip=\count317
\fheight=\count318
\ref@top=\count319
\ref@hoffset=\count320
\ref@voffset=\count321
\ref@head=\count322
\ref@body=\count323
\ref@foot=\count324
\ref@margin=\count325
\ref@marginwidth=\count326
\ref@marginpar=\count327
\Interval=\count328
\ExtraYPos=\count329
\PositionX=\count330
\PositionY=\count331
\ArrowLength=\count332
)
No file MasterTemplate.aux.
\openout1 = `MasterTemplate.aux'.

LaTeX Font Info:    Checking defaults for OML/cmm/m/it on input line 9.
LaTeX Font Info:    ... okay on input line 9.
LaTeX Font Info:    Checking defaults for OMS/cmsy/m/n on input line 9.
LaTeX Font Info:    ... okay on input line 9.
LaTeX Font Info:    Checking defaults for OT1/cmr/m/n on input line 9.
LaTeX Font Info:    ... okay on input line 9.
LaTeX Font Info:    Checking defaults for T1/cmr/m/n on input line 9.
LaTeX Font Info:    ... okay on input line 9.
LaTeX Font Info:    Checking defaults for TS1/cmr/m/n on input line 9.
LaTeX Font Info:    ... okay on input line 9.
LaTeX Font Info:    Checking defaults for TU/lmr/m/n on input line 9.
LaTeX Font Info:    ... okay on input line 9.
LaTeX Font Info:    Checking defaults for OMX/cmex/m/n on input line 9.
LaTeX Font Info:    ... okay on input line 9.
LaTeX Font Info:    Checking defaults for U/cmr/m/n on input line 9.
LaTeX Font Info:    ... okay on input line 9.
LaTeX Font Info:    Checking defaults for PD1/pdf/m/n on input line 9.
LaTeX Font Info:    ... okay on input line 9.
LaTeX Font Info:    Checking defaults for PU/pdf/m/n on input line 9.
LaTeX Font Info:    ... okay on input line 9.
ABD: EverySelectfont initializing macros
LaTeX Info: Redefining \selectfont on input line 9.

Package fontspec Info: Adjusting the maths setup (use [no-math] to avoid
(fontspec)             this).

\symlegacymaths=\mathgroup6
LaTeX Font Info:    Overwriting symbol font `legacymaths' in version `bold'
(Font)                  OT1/cmr/m/n --> OT1/cmr/bx/n on input line 9.
LaTeX Font Info:    Redeclaring math accent \acute on input line 9.
LaTeX Font Info:    Redeclaring math accent \grave on input line 9.
LaTeX Font Info:    Redeclaring math accent \ddot on input line 9.
LaTeX Font Info:    Redeclaring math accent \tilde on input line 9.
LaTeX Font Info:    Redeclaring math accent \bar on input line 9.
LaTeX Font Info:    Redeclaring math accent \breve on input line 9.
LaTeX Font Info:    Redeclaring math accent \check on input line 9.
LaTeX Font Info:    Redeclaring math accent \hat on input line 9.
LaTeX Font Info:    Redeclaring math accent \dot on input line 9.
LaTeX Font Info:    Redeclaring math accent \mathring on input line 9.
LaTeX Font Info:    Redeclaring math symbol \Gamma on input line 9.
LaTeX Font Info:    Redeclaring math symbol \Delta on input line 9.
LaTeX Font Info:    Redeclaring math symbol \Theta on input line 9.
LaTeX Font Info:    Redeclaring math symbol \Lambda on input line 9.
LaTeX Font Info:    Redeclaring math symbol \Xi on input line 9.
LaTeX Font Info:    Redeclaring math symbol \Pi on input line 9.
LaTeX Font Info:    Redeclaring math symbol \Sigma on input line 9.
LaTeX Font Info:    Redeclaring math symbol \Upsilon on input line 9.
LaTeX Font Info:    Redeclaring math symbol \Phi on input line 9.
LaTeX Font Info:    Redeclaring math symbol \Psi on input line 9.
LaTeX Font Info:    Redeclaring math symbol \Omega on input line 9.
LaTeX Font Info:    Redeclaring math symbol \mathdollar on input line 9.
LaTeX Font Info:    Redeclaring symbol font `operators' on input line 9.
LaTeX Font Info:    Encoding `OT1' has changed to `TU' for symbol font
(Font)              `operators' in the math version `normal' on input line 9.
LaTeX Font Info:    Overwriting symbol font `operators' in version `normal'
(Font)                  OT1/cmr/m/n --> TU/lmr/m/n on input line 9.
LaTeX Font Info:    Encoding `OT1' has changed to `TU' for symbol font
(Font)              `operators' in the math version `bold' on input line 9.
LaTeX Font Info:    Overwriting symbol font `operators' in version `bold'
(Font)                  OT1/cmr/bx/n --> TU/lmr/m/n on input line 9.
LaTeX Font Info:    Overwriting symbol font `operators' in version `normal'
(Font)                  TU/lmr/m/n --> TU/lmr/m/n on input line 9.
LaTeX Font Info:    Overwriting math alphabet `\mathit' in version `normal'
(Font)                  OT1/cmr/m/it --> TU/lmr/m/it on input line 9.
LaTeX Font Info:    Overwriting math alphabet `\mathbf' in version `normal'
(Font)                  OT1/cmr/bx/n --> TU/lmr/b/n on input line 9.
LaTeX Font Info:    Overwriting math alphabet `\mathsf' in version `normal'
(Font)                  OT1/cmss/m/n --> TU/lmss/m/n on input line 9.
LaTeX Font Info:    Overwriting math alphabet `\mathtt' in version `normal'
(Font)                  OT1/cmtt/m/n --> TU/lmtt/m/n on input line 9.
LaTeX Font Info:    Overwriting symbol font `operators' in version `bold'
(Font)                  TU/lmr/m/n --> TU/lmr/b/n on input line 9.
LaTeX Font Info:    Overwriting math alphabet `\mathit' in version `bold'
(Font)                  OT1/cmr/bx/it --> TU/lmr/b/it on input line 9.
LaTeX Font Info:    Overwriting math alphabet `\mathsf' in version `bold'
(Font)                  OT1/cmss/bx/n --> TU/lmss/b/n on input line 9.
LaTeX Font Info:    Overwriting math alphabet `\mathtt' in version `bold'
(Font)                  OT1/cmtt/m/n --> TU/lmtt/b/n on input line 9.

*geometry* detected driver: xetex
*geometry* verbose mode - [ preamble ] result:
* driver: xetex
* paper: a4paper
* layout: <same size as paper>
* layoutoffset:(h,v)=(0.0pt,0.0pt)
* modes: twoside 
* h-part:(L,W,R)=(71.13188pt, 455.24411pt, 71.13188pt)
* v-part:(T,H,B)=(96.73918pt, 677.17578pt, 71.13188pt)
* \paperwidth=597.50787pt
* \paperheight=845.04684pt
* \textwidth=455.24411pt
* \textheight=677.17578pt
* \oddsidemargin=-1.1381pt
* \evensidemargin=-1.1381pt
* \topmargin=-5.5983pt
* \headheight=12.0pt
* \headsep=18.06749pt
* \topskip=10.0pt
* \footskip=25.29494pt
* \marginparwidth=115.0pt
* \marginparsep=7.0pt
* \columnsep=10.0pt
* \skip\footins=9.0pt plus 4.0pt minus 2.0pt
* \hoffset=0.0pt
* \voffset=0.0pt
* \mag=1000
* \@twocolumnfalse
* \@twosidetrue
* \@mparswitchtrue
* \@reversemarginfalse
* (1in=72.27pt=25.4mm, 1cm=28.453pt)

\AtBeginShipoutBox=\box58
Package hyperref Info: Link coloring OFF on input line 9.
(/usr/local/texlive/2019/texmf-dist/tex/latex/hyperref/nameref.sty
Package: nameref 2019/09/16 v2.46 Cross-referencing by name of section
 (/usr/local/texlive/2019/texmf-dist/tex/latex/refcount/refcount.sty
Package: refcount 2019/12/15 v3.6 Data extraction from label references (HO)
) (/usr/local/texlive/2019/texmf-dist/tex/generic/gettitlestring/gettitlestring.sty
Package: gettitlestring 2019/12/15 v1.6 Cleanup title references (HO)
)
\c@section@level=\count333
)
LaTeX Info: Redefining \ref on input line 9.
LaTeX Info: Redefining \pageref on input line 9.
LaTeX Info: Redefining \nameref on input line 9.
\@outlinefile=\write3
\openout3 = `MasterTemplate.out'.



Package hyperref Warning: Rerun to get /PageLabels entry.


Package fontspec Warning: Font "FandolFang-Regular" does not contain requested
(fontspec)                Script "CJK".


Package fontspec Info: Font family 'FandolFang-Regular(0)' created for font
(fontspec)             'FandolFang-Regular' with options
(fontspec)             [Script={CJK},Extension={.otf}].
(fontspec)              
(fontspec)              This font family consists of the following NFSS
(fontspec)             series/shapes:
(fontspec)              
(fontspec)             - 'normal' (m/n) with NFSS spec.:
(fontspec)             <->"[FandolFang-Regular.otf]/OT:language=dflt;"
(fontspec)             - 'small caps'  (m/sc) with NFSS spec.: 

LaTeX Font Info:    Trying to load font information for U+msa on input line 10.
(/usr/local/texlive/2019/texmf-dist/tex/latex/amsfonts/umsa.fd
File: umsa.fd 2013/01/14 v3.01 AMS symbols A
)
LaTeX Font Info:    Trying to load font information for U+msb on input line 10.
 (/usr/local/texlive/2019/texmf-dist/tex/latex/amsfonts/umsb.fd
File: umsb.fd 2013/01/14 v3.01 AMS symbols B
)
File: pic/hbu-logo.png Graphic file (type bmp)
<pic/hbu-logo.png>
File: pic/hbu-title.png Graphic file (type bmp)
<pic/hbu-title.png>

Overfull \hbox (35.56595pt too wide) in paragraph at lines 10--10
[][]| 
 []


Package fontspec Warning: Font "FandolHei-Regular" does not contain requested
(fontspec)                Script "CJK".


Package fontspec Info: Font family 'FandolHei-Regular(0)' created for font
(fontspec)             'FandolHei-Regular' with options
(fontspec)             [Script={CJK},Extension={.otf},BoldFont={FandolHei-Bold}].
(fontspec)              
(fontspec)              This font family consists of the following NFSS
(fontspec)             series/shapes:
(fontspec)              
(fontspec)             - 'normal' (m/n) with NFSS spec.:
(fontspec)             <->"[FandolHei-Regular.otf]/OT:language=dflt;"
(fontspec)             - 'small caps'  (m/sc) with NFSS spec.: 
(fontspec)             - 'bold' (b/n) with NFSS spec.:
(fontspec)             <->"[FandolHei-Bold.otf]/OT:language=dflt;"
(fontspec)             - 'bold small caps'  (b/sc) with NFSS spec.: 


Package fontspec Warning: Font "FandolSong-Regular" does not contain requested
(fontspec)                Script "CJK".


Package fontspec Info: Font family 'FandolSong-Regular(1)' created for font
(fontspec)             'FandolSong-Regular' with options
(fontspec)             [Script={CJK},Extension={.otf},BoldFont={FandolSong-Bold}].
(fontspec)              
(fontspec)              This font family consists of the following NFSS
(fontspec)             series/shapes:
(fontspec)              
(fontspec)             - 'normal' (m/n) with NFSS spec.:
(fontspec)             <->"[FandolSong-Regular.otf]/OT:language=dflt;"
(fontspec)             - 'small caps'  (m/sc) with NFSS spec.: 
(fontspec)             - 'bold' (b/n) with NFSS spec.:
(fontspec)             <->"[FandolSong-Bold.otf]/OT:language=dflt;"
(fontspec)             - 'bold small caps'  (b/sc) with NFSS spec.: 

[1

] [2

]
\tf@thm=\write4
\openout4 = `MasterTemplate.thm'.

Package atveryend Info: Empty hook `BeforeClearDocument' on input line 13.
Package atveryend Info: Empty hook `AfterLastShipout' on input line 13.
 (./MasterTemplate.aux)
Package atveryend Info: Empty hook `AtVeryEndDocument' on input line 13.
Package atveryend Info: Executing hook `AtEndAfterFileList' on input line 13.


Package rerunfilecheck Warning: File `MasterTemplate.out' has changed.
(rerunfilecheck)                Rerun to get outlines right
(rerunfilecheck)                or use package `bookmark'.

Package rerunfilecheck Info: Checksums for `MasterTemplate.out':
(rerunfilecheck)             Before: <no file>
(rerunfilecheck)             After:  D41D8CD98F00B204E9800998ECF8427E;0.
Package atveryend Info: Empty hook `AtVeryVeryEnd' on input line 13.
 ) 
Here is how much of TeX's memory you used:
 17444 strings out of 481738
 356453 string characters out of 5935339
 641038 words of memory out of 5000000
 34206 multiletter control sequences out of 15000+600000
 537639 words of font info for 67 fonts, out of 8000000 for 9000
 36 hyphenation exceptions out of 8191
 63i,9n,76p,544b,333s stack positions out of 5000i,500n,10000p,200000b,80000s

Output written on MasterTemplate.pdf (2 pages).
